# JRE version: OpenJDK Runtime Environment (8.0_152-b02) (build 1.8.0_152-release-1024-b02)
# Java VM: OpenJDK 64-Bit Server VM (25.152-b02 mixed mode windows-amd64 compressed oops)
Heap:
 PSYoungGen      total 326144K, used 145168K [0x00000000e0000000, 0x00000000f7700000, 0x0000000100000000)
  eden space 271360K, 51% used [0x00000000e0000000,0x00000000e8800f28,0x00000000f0900000)
  from space 54784K, 10% used [0x00000000f4180000,0x00000000f4743288,0x00000000f7700000)
  to   space 56320K, 0% used [0x00000000f0900000,0x00000000f0900000,0x00000000f4000000)
 ParOldGen       total 173056K, used 57102K [0x00000000a0000000, 0x00000000aa900000, 0x00000000e0000000)
  object space 173056K, 32% used [0x00000000a0000000,0x00000000a37c3b08,0x00000000aa900000)
 Metaspace       used 92901K, capacity 97524K, committed 99928K, reserved 1136640K
  class space    used 11557K, capacity 12558K, committed 13184K, reserved 1048576K
GC Heap History (10 events):
Event: 2152.546 GC heap before
{Heap before GC invocations=42 (full 4):
 PSYoungGen      total 237568K, used 11256K [0x00000000e0000000, 0x00000000f4b80000, 0x0000000100000000)
  eden space 181248K, 0% used [0x00000000e0000000,0x00000000e00e9b30,0x00000000eb100000)
  from space 56320K, 18% used [0x00000000eb100000,0x00000000ebb14790,0x00000000ee800000)
  to   space 57344K, 0% used [0x00000000f1380000,0x00000000f1380000,0x00000000f4b80000)
 ParOldGen       total 173056K, used 54946K [0x00000000a0000000, 0x00000000aa900000, 0x00000000e0000000)
  object space 173056K, 31% used [0x00000000a0000000,0x00000000a35a8ad8,0x00000000aa900000)
 Metaspace       used 91604K, capacity 96166K, committed 98792K, reserved 1134592K
  class space    used 11432K, capacity 12395K, committed 13184K, reserved 1048576K
Event: 2152.558 GC heap after
Heap after GC invocations=42 (full 4):
 PSYoungGen      total 281600K, used 10245K [0x00000000e0000000, 0x00000000f4e00000, 0x0000000100000000)
  eden space 224256K, 0% used [0x00000000e0000000,0x00000000e0000000,0x00000000edb00000)
  from space 57344K, 17% used [0x00000000f1380000,0x00000000f1d81478,0x00000000f4b80000)
  to   space 57856K, 0% used [0x00000000edb00000,0x00000000edb00000,0x00000000f1380000)
 ParOldGen       total 173056K, used 54946K [0x00000000a0000000, 0x00000000aa900000, 0x00000000e0000000)
  object space 173056K, 31% used [0x00000000a0000000,0x00000000a35a8ad8,0x00000000aa900000)
 Metaspace       used 91604K, capacity 96166K, committed 98792K, reserved 1134592K
  class space    used 11432K, capacity 12395K, committed 13184K, reserved 1048576K
}
Event: 2153.017 GC heap before
{Heap before GC invocations=43 (full 4):
 PSYoungGen      total 281600K, used 234501K [0x00000000e0000000, 0x00000000f4e00000, 0x0000000100000000)
  eden space 224256K, 100% used [0x00000000e0000000,0x00000000edb00000,0x00000000edb00000)
  from space 57344K, 17% used [0x00000000f1380000,0x00000000f1d81478,0x00000000f4b80000)
  to   space 57856K, 0% used [0x00000000edb00000,0x00000000edb00000,0x00000000f1380000)
 ParOldGen       total 173056K, used 54946K [0x00000000a0000000, 0x00000000aa900000, 0x00000000e0000000)
  object space 173056K, 31% used [0x00000000a0000000,0x00000000a35a8ad8,0x00000000aa900000)
 Metaspace       used 91917K, capacity 96488K, committed 99048K, reserved 1134592K
  class space    used 11474K, capacity 12460K, committed 13184K, reserved 1048576K
Event: 2153.026 GC heap after
Heap after GC invocations=43 (full 4):
 PSYoungGen      total 282112K, used 11736K [0x00000000e0000000, 0x00000000f4e00000, 0x0000000100000000)
  eden space 224256K, 0% used [0x00000000e0000000,0x00000000e0000000,0x00000000edb00000)
  from space 57856K, 20% used [0x00000000edb00000,0x00000000ee6763c0,0x00000000f1380000)
  to   space 57344K, 0% used [0x00000000f1380000,0x00000000f1380000,0x00000000f4b80000)
 ParOldGen       total 173056K, used 54946K [0x00000000a0000000, 0x00000000aa900000, 0x00000000e0000000)
  object space 173056K, 31% used [0x00000000a0000000,0x00000000a35a8ad8,0x00000000aa900000)
 Metaspace       used 91917K, capacity 96488K, committed 99048K, reserved 1134592K
  class space    used 11474K, capacity 12460K, committed 13184K, reserved 1048576K
}
Event: 2153.617 GC heap before
{Heap before GC invocations=44 (full 4):
 PSYoungGen      total 282112K, used 235992K [0x00000000e0000000, 0x00000000f4e00000, 0x0000000100000000)
  eden space 224256K, 100% used [0x00000000e0000000,0x00000000edb00000,0x00000000edb00000)
  from space 57856K, 20% used [0x00000000edb00000,0x00000000ee6763c0,0x00000000f1380000)
  to   space 57344K, 0% used [0x00000000f1380000,0x00000000f1380000,0x00000000f4b80000)
 ParOldGen       total 173056K, used 54946K [0x00000000a0000000, 0x00000000aa900000, 0x00000000e0000000)
  object space 173056K, 31% used [0x00000000a0000000,0x00000000a35a8ad8,0x00000000aa900000)
 Metaspace       used 92172K, capacity 96776K, committed 99416K, reserved 1136640K
  class space    used 11475K, capacity 12460K, committed 13184K, reserved 1048576K
Event: 2153.622 GC heap after
Heap after GC invocations=44 (full 4):
 PSYoungGen      total 281600K, used 6112K [0x00000000e0000000, 0x00000000f4e00000, 0x0000000100000000)
  eden space 224256K, 0% used [0x00000000e0000000,0x00000000e0000000,0x00000000edb00000)
  from space 57344K, 10% used [0x00000000f1380000,0x00000000f1978218,0x00000000f4b80000)
  to   space 57856K, 0% used [0x00000000edb00000,0x00000000edb00000,0x00000000f1380000)
 ParOldGen       total 173056K, used 54954K [0x00000000a0000000, 0x00000000aa900000, 0x00000000e0000000)
  object space 173056K, 31% used [0x00000000a0000000,0x00000000a35aaad8,0x00000000aa900000)
 Metaspace       used 92172K, capacity 96776K, committed 99416K, reserved 1136640K
  class space    used 11475K, capacity 12460K, committed 13184K, reserved 1048576K
}
Event: 2154.367 GC heap before
{Heap before GC invocations=45 (full 4):
 PSYoungGen      total 281600K, used 230368K [0x00000000e0000000, 0x00000000f4e00000, 0x0000000100000000)
  eden space 224256K, 100% used [0x00000000e0000000,0x00000000edb00000,0x00000000edb00000)
  from space 57344K, 10% used [0x00000000f1380000,0x00000000f1978218,0x00000000f4b80000)
  to   space 57856K, 0% used [0x00000000edb00000,0x00000000edb00000,0x00000000f1380000)
 ParOldGen       total 173056K, used 54954K [0x00000000a0000000, 0x00000000aa900000, 0x00000000e0000000)
  object space 173056K, 31% used [0x00000000a0000000,0x00000000a35aaad8,0x00000000aa900000)
 Metaspace       used 92302K, capacity 96852K, committed 99416K, reserved 1136640K
  class space    used 11475K, capacity 12460K, committed 13184K, reserved 1048576K
Event: 2154.376 GC heap after
Heap after GC invocations=45 (full 4):
 PSYoungGen      total 282112K, used 5320K [0x00000000e0000000, 0x00000000f7980000, 0x0000000100000000)
  eden space 224256K, 0% used [0x00000000e0000000,0x00000000e0000000,0x00000000edb00000)
  from space 57856K, 9% used [0x00000000edb00000,0x00000000ee032170,0x00000000f1380000)
  to   space 57344K, 0% used [0x00000000f4180000,0x00000000f4180000,0x00000000f7980000)
 ParOldGen       total 173056K, used 54962K [0x00000000a0000000, 0x00000000aa900000, 0x00000000e0000000)
  object space 173056K, 31% used [0x00000000a0000000,0x00000000a35acad8,0x00000000aa900000)
 Metaspace       used 92302K, capacity 96852K, committed 99416K, reserved 1136640K
  class space    used 11475K, capacity 12460K, committed 13184K, reserved 1048576K
}
Event: 2154.720 GC heap before
{Heap before GC invocations=46 (full 4):
 PSYoungGen      total 282112K, used 229576K [0x00000000e0000000, 0x00000000f7980000, 0x0000000100000000)
  eden space 224256K, 100% used [0x00000000e0000000,0x00000000edb00000,0x00000000edb00000)
  from space 57856K, 9% used [0x00000000edb00000,0x00000000ee032170,0x00000000f1380000)
  to   space 57344K, 0% used [0x00000000f4180000,0x00000000f4180000,0x00000000f7980000)
 ParOldGen       total 173056K, used 54962K [0x00000000a0000000, 0x00000000aa900000, 0x00000000e0000000)
  object space 173056K, 31% used [0x00000000a0000000,0x00000000a35acad8,0x00000000aa900000)
 Metaspace       used 92405K, capacity 96986K, committed 99416K, reserved 1136640K
  class space    used 11479K, capacity 12461K, committed 13184K, reserved 1048576K
Event: 2154.732 GC heap after
Heap after GC invocations=46 (full 4):
 PSYoungGen      total 326144K, used 5900K [0x00000000e0000000, 0x00000000f7700000, 0x0000000100000000)
  eden space 271360K, 0% used [0x00000000e0000000,0x00000000e0000000,0x00000000f0900000)
  from space 54784K, 10% used [0x00000000f4180000,0x00000000f4743288,0x00000000f7700000)
  to   space 56320K, 0% used [0x00000000f0900000,0x00000000f0900000,0x00000000f4000000)
 ParOldGen       total 173056K, used 57102K [0x00000000a0000000, 0x00000000aa900000, 0x00000000e0000000)
  object space 173056K, 32% used [0x00000000a0000000,0x00000000a37c3b08,0x00000000aa900000)
 Metaspace       used 92405K, capacity 96986K, committed 99416K, reserved 1136640K
  class space    used 11479K, capacity 12461K, committed 13184K, reserved 1048576K
}

