# JRE version: OpenJDK Runtime Environment (8.0_152-b02) (build 1.8.0_152-release-1024-b02)
# Java VM: OpenJDK 64-Bit Server VM (25.152-b02 mixed mode windows-amd64 compressed oops)
Heap:
 PSYoungGen      total 171520K, used 140318K [0x00000000e0000000, 0x00000000ece80000, 0x0000000100000000)
  eden space 159232K, 80% used [0x00000000e0000000,0x00000000e7d09cf8,0x00000000e9b80000)
  from space 12288K, 99% used [0x00000000eaa00000,0x00000000eb5fde70,0x00000000eb600000)
  to   space 14848K, 0% used [0x00000000e9b80000,0x00000000e9b80000,0x00000000eaa00000)
 ParOldGen       total 97792K, used 21179K [0x00000000a0000000, 0x00000000a5f80000, 0x00000000e0000000)
  object space 97792K, 21% used [0x00000000a0000000,0x00000000a14aeda0,0x00000000a5f80000)
 Metaspace       used 52861K, capacity 54490K, committed 54744K, reserved 1095680K
  class space    used 7262K, capacity 7646K, committed 7680K, reserved 1048576K
GC Heap History (10 events):
Event: 3.603 GC heap before
{Heap before GC invocations=6 (full 1):
 PSYoungGen      total 71680K, used 5088K [0x00000000e0000000, 0x00000000e9500000, 0x0000000100000000)
  eden space 66560K, 0% used [0x00000000e0000000,0x00000000e0000000,0x00000000e4100000)
  from space 5120K, 99% used [0x00000000e4100000,0x00000000e45f8050,0x00000000e4600000)
  to   space 9728K, 0% used [0x00000000e8b80000,0x00000000e8b80000,0x00000000e9500000)
 ParOldGen       total 87552K, used 8323K [0x00000000a0000000, 0x00000000a5580000, 0x00000000e0000000)
  object space 87552K, 9% used [0x00000000a0000000,0x00000000a0820fa0,0x00000000a5580000)
 Metaspace       used 20795K, capacity 21200K, committed 21248K, reserved 1067008K
  class space    used 2902K, capacity 3042K, committed 3072K, reserved 1048576K
Event: 3.639 GC heap after
Heap after GC invocations=6 (full 1):
 PSYoungGen      total 71680K, used 0K [0x00000000e0000000, 0x00000000e9500000, 0x0000000100000000)
  eden space 66560K, 0% used [0x00000000e0000000,0x00000000e0000000,0x00000000e4100000)
  from space 5120K, 0% used [0x00000000e4100000,0x00000000e4100000,0x00000000e4600000)
  to   space 9728K, 0% used [0x00000000e8b80000,0x00000000e8b80000,0x00000000e9500000)
 ParOldGen       total 59392K, used 7925K [0x00000000a0000000, 0x00000000a3a00000, 0x00000000e0000000)
  object space 59392K, 13% used [0x00000000a0000000,0x00000000a07bd400,0x00000000a3a00000)
 Metaspace       used 20795K, capacity 21200K, committed 21248K, reserved 1067008K
  class space    used 2902K, capacity 3042K, committed 3072K, reserved 1048576K
}
Event: 4.875 GC heap before
{Heap before GC invocations=7 (full 1):
 PSYoungGen      total 71680K, used 66560K [0x00000000e0000000, 0x00000000e9500000, 0x0000000100000000)
  eden space 66560K, 100% used [0x00000000e0000000,0x00000000e4100000,0x00000000e4100000)
  from space 5120K, 0% used [0x00000000e4100000,0x00000000e4100000,0x00000000e4600000)
  to   space 9728K, 0% used [0x00000000e8b80000,0x00000000e8b80000,0x00000000e9500000)
 ParOldGen       total 59392K, used 7925K [0x00000000a0000000, 0x00000000a3a00000, 0x00000000e0000000)
  object space 59392K, 13% used [0x00000000a0000000,0x00000000a07bd400,0x00000000a3a00000)
 Metaspace       used 26587K, capacity 27120K, committed 27136K, reserved 1073152K
  class space    used 3669K, capacity 3833K, committed 3840K, reserved 1048576K
Event: 4.888 GC heap after
Heap after GC invocations=7 (full 1):
 PSYoungGen      total 112640K, used 7298K [0x00000000e0000000, 0x00000000e9300000, 0x0000000100000000)
  eden space 104960K, 0% used [0x00000000e0000000,0x00000000e0000000,0x00000000e6680000)
  from space 7680K, 95% used [0x00000000e8b80000,0x00000000e92a0a48,0x00000000e9300000)
  to   space 9728K, 0% used [0x00000000e8000000,0x00000000e8000000,0x00000000e8980000)
 ParOldGen       total 59392K, used 7933K [0x00000000a0000000, 0x00000000a3a00000, 0x00000000e0000000)
  object space 59392K, 13% used [0x00000000a0000000,0x00000000a07bf400,0x00000000a3a00000)
 Metaspace       used 26587K, capacity 27120K, committed 27136K, reserved 1073152K
  class space    used 3669K, capacity 3833K, committed 3840K, reserved 1048576K
}
Event: 7.009 GC heap before
{Heap before GC invocations=8 (full 1):
 PSYoungGen      total 112640K, used 95431K [0x00000000e0000000, 0x00000000e9300000, 0x0000000100000000)
  eden space 104960K, 83% used [0x00000000e0000000,0x00000000e5611568,0x00000000e6680000)
  from space 7680K, 95% used [0x00000000e8b80000,0x00000000e92a0a48,0x00000000e9300000)
  to   space 9728K, 0% used [0x00000000e8000000,0x00000000e8000000,0x00000000e8980000)
 ParOldGen       total 59392K, used 7933K [0x00000000a0000000, 0x00000000a3a00000, 0x00000000e0000000)
  object space 59392K, 13% used [0x00000000a0000000,0x00000000a07bf400,0x00000000a3a00000)
 Metaspace       used 34637K, capacity 35260K, committed 35416K, reserved 1079296K
  class space    used 4780K, capacity 4976K, committed 4992K, reserved 1048576K
Event: 7.022 GC heap after
Heap after GC invocations=8 (full 1):
 PSYoungGen      total 140800K, used 9703K [0x00000000e0000000, 0x00000000eb600000, 0x0000000100000000)
  eden space 131072K, 0% used [0x00000000e0000000,0x00000000e0000000,0x00000000e8000000)
  from space 9728K, 99% used [0x00000000e8000000,0x00000000e8979ef0,0x00000000e8980000)
  to   space 12288K, 0% used [0x00000000eaa00000,0x00000000eaa00000,0x00000000eb600000)
 ParOldGen       total 59392K, used 11044K [0x00000000a0000000, 0x00000000a3a00000, 0x00000000e0000000)
  object space 59392K, 18% used [0x00000000a0000000,0x00000000a0ac9048,0x00000000a3a00000)
 Metaspace       used 34637K, capacity 35260K, committed 35416K, reserved 1079296K
  class space    used 4780K, capacity 4976K, committed 4992K, reserved 1048576K
}
Event: 7.022 GC heap before
{Heap before GC invocations=9 (full 2):
 PSYoungGen      total 140800K, used 9703K [0x00000000e0000000, 0x00000000eb600000, 0x0000000100000000)
  eden space 131072K, 0% used [0x00000000e0000000,0x00000000e0000000,0x00000000e8000000)
  from space 9728K, 99% used [0x00000000e8000000,0x00000000e8979ef0,0x00000000e8980000)
  to   space 12288K, 0% used [0x00000000eaa00000,0x00000000eaa00000,0x00000000eb600000)
 ParOldGen       total 59392K, used 11044K [0x00000000a0000000, 0x00000000a3a00000, 0x00000000e0000000)
  object space 59392K, 18% used [0x00000000a0000000,0x00000000a0ac9048,0x00000000a3a00000)
 Metaspace       used 34637K, capacity 35260K, committed 35416K, reserved 1079296K
  class space    used 4780K, capacity 4976K, committed 4992K, reserved 1048576K
Event: 7.086 GC heap after
Heap after GC invocations=9 (full 2):
 PSYoungGen      total 140800K, used 0K [0x00000000e0000000, 0x00000000eb600000, 0x0000000100000000)
  eden space 131072K, 0% used [0x00000000e0000000,0x00000000e0000000,0x00000000e8000000)
  from space 9728K, 0% used [0x00000000e8000000,0x00000000e8000000,0x00000000e8980000)
  to   space 12288K, 0% used [0x00000000eaa00000,0x00000000eaa00000,0x00000000eb600000)
 ParOldGen       total 97792K, used 19172K [0x00000000a0000000, 0x00000000a5f80000, 0x00000000e0000000)
  object space 97792K, 19% used [0x00000000a0000000,0x00000000a12b9078,0x00000000a5f80000)
 Metaspace       used 34637K, capacity 35260K, committed 35416K, reserved 1079296K
  class space    used 4780K, capacity 4976K, committed 4992K, reserved 1048576K
}
Event: 17.575 GC heap before
{Heap before GC invocations=10 (full 2):
 PSYoungGen      total 140800K, used 131072K [0x00000000e0000000, 0x00000000eb600000, 0x0000000100000000)
  eden space 131072K, 100% used [0x00000000e0000000,0x00000000e8000000,0x00000000e8000000)
  from space 9728K, 0% used [0x00000000e8000000,0x00000000e8000000,0x00000000e8980000)
  to   space 12288K, 0% used [0x00000000eaa00000,0x00000000eaa00000,0x00000000eb600000)
 ParOldGen       total 97792K, used 19172K [0x00000000a0000000, 0x00000000a5f80000, 0x00000000e0000000)
  object space 97792K, 19% used [0x00000000a0000000,0x00000000a12b9078,0x00000000a5f80000)
 Metaspace       used 43071K, capacity 43980K, committed 44120K, reserved 1087488K
  class space    used 5949K, capacity 6247K, committed 6272K, reserved 1048576K
Event: 17.591 GC heap after
Heap after GC invocations=10 (full 2):
 PSYoungGen      total 171520K, used 12279K [0x00000000e0000000, 0x00000000ece80000, 0x0000000100000000)
  eden space 159232K, 0% used [0x00000000e0000000,0x00000000e0000000,0x00000000e9b80000)
  from space 12288K, 99% used [0x00000000eaa00000,0x00000000eb5fde70,0x00000000eb600000)
  to   space 14848K, 0% used [0x00000000e9b80000,0x00000000e9b80000,0x00000000eaa00000)
 ParOldGen       total 97792K, used 21179K [0x00000000a0000000, 0x00000000a5f80000, 0x00000000e0000000)
  object space 97792K, 21% used [0x00000000a0000000,0x00000000a14aeda0,0x00000000a5f80000)
 Metaspace       used 43071K, capacity 43980K, committed 44120K, reserved 1087488K
  class space    used 5949K, capacity 6247K, committed 6272K, reserved 1048576K
}

