# JRE version: OpenJDK Runtime Environment (8.0_152-b02) (build 1.8.0_152-release-1024-b02)
# Java VM: OpenJDK 64-Bit Server VM (25.152-b02 mixed mode windows-amd64 compressed oops)
Heap:
 PSYoungGen      total 325632K, used 68203K [0x00000000e0000000, 0x00000000f9d80000, 0x0000000100000000)
  eden space 291328K, 23% used [0x00000000e0000000,0x00000000e429ad78,0x00000000f1c80000)
  from space 34304K, 0% used [0x00000000f1c80000,0x00000000f1c80000,0x00000000f3e00000)
  to   space 34304K, 0% used [0x00000000f7c00000,0x00000000f7c00000,0x00000000f9d80000)
 ParOldGen       total 212992K, used 62609K [0x00000000a0000000, 0x00000000ad000000, 0x00000000e0000000)
  object space 212992K, 29% used [0x00000000a0000000,0x00000000a3d24788,0x00000000ad000000)
 Metaspace       used 92082K, capacity 96671K, committed 98508K, reserved 1134592K
  class space    used 11683K, capacity 12656K, committed 13184K, reserved 1048576K
GC Heap History (10 events):
Event: 486.095 GC heap before
{Heap before GC invocations=23 (full 3):
 PSYoungGen      total 218112K, used 183205K [0x00000000e0000000, 0x00000000f3280000, 0x0000000100000000)
  eden space 180224K, 100% used [0x00000000e0000000,0x00000000eb000000,0x00000000eb000000)
  from space 37888K, 7% used [0x00000000eb000000,0x00000000eb2e95b0,0x00000000ed500000)
  to   space 38400K, 0% used [0x00000000f0d00000,0x00000000f0d00000,0x00000000f3280000)
 ParOldGen       total 155648K, used 94173K [0x00000000a0000000, 0x00000000a9800000, 0x00000000e0000000)
  object space 155648K, 60% used [0x00000000a0000000,0x00000000a5bf7428,0x00000000a9800000)
 Metaspace       used 88366K, capacity 93516K, committed 93656K, reserved 1130496K
  class space    used 11474K, capacity 12530K, committed 12544K, reserved 1048576K
Event: 486.113 GC heap after
Heap after GC invocations=23 (full 3):
 PSYoungGen      total 264192K, used 14846K [0x00000000e0000000, 0x00000000f2b00000, 0x0000000100000000)
  eden space 233472K, 0% used [0x00000000e0000000,0x00000000e0000000,0x00000000ee400000)
  from space 30720K, 48% used [0x00000000f0d00000,0x00000000f1b7f970,0x00000000f2b00000)
  to   space 36352K, 0% used [0x00000000ee400000,0x00000000ee400000,0x00000000f0780000)
 ParOldGen       total 155648K, used 94229K [0x00000000a0000000, 0x00000000a9800000, 0x00000000e0000000)
  object space 155648K, 60% used [0x00000000a0000000,0x00000000a5c05428,0x00000000a9800000)
 Metaspace       used 88366K, capacity 93516K, committed 93656K, reserved 1130496K
  class space    used 11474K, capacity 12530K, committed 12544K, reserved 1048576K
}
Event: 488.343 GC heap before
{Heap before GC invocations=24 (full 3):
 PSYoungGen      total 264192K, used 248318K [0x00000000e0000000, 0x00000000f2b00000, 0x0000000100000000)
  eden space 233472K, 100% used [0x00000000e0000000,0x00000000ee400000,0x00000000ee400000)
  from space 30720K, 48% used [0x00000000f0d00000,0x00000000f1b7f970,0x00000000f2b00000)
  to   space 36352K, 0% used [0x00000000ee400000,0x00000000ee400000,0x00000000f0780000)
 ParOldGen       total 155648K, used 94229K [0x00000000a0000000, 0x00000000a9800000, 0x00000000e0000000)
  object space 155648K, 60% used [0x00000000a0000000,0x00000000a5c05428,0x00000000a9800000)
 Metaspace       used 89572K, capacity 94884K, committed 95192K, reserved 1132544K
  class space    used 11604K, capacity 12676K, committed 12800K, reserved 1048576K
Event: 488.356 GC heap after
Heap after GC invocations=24 (full 3):
 PSYoungGen      total 269824K, used 15709K [0x00000000e0000000, 0x00000000f6580000, 0x0000000100000000)
  eden space 233472K, 0% used [0x00000000e0000000,0x00000000e0000000,0x00000000ee400000)
  from space 36352K, 43% used [0x00000000ee400000,0x00000000ef3575e8,0x00000000f0780000)
  to   space 34304K, 0% used [0x00000000f4400000,0x00000000f4400000,0x00000000f6580000)
 ParOldGen       total 155648K, used 96269K [0x00000000a0000000, 0x00000000a9800000, 0x00000000e0000000)
  object space 155648K, 61% used [0x00000000a0000000,0x00000000a5e03508,0x00000000a9800000)
 Metaspace       used 89572K, capacity 94884K, committed 95192K, reserved 1132544K
  class space    used 11604K, capacity 12676K, committed 12800K, reserved 1048576K
}
Event: 541.415 GC heap before
{Heap before GC invocations=25 (full 3):
 PSYoungGen      total 269824K, used 249181K [0x00000000e0000000, 0x00000000f6580000, 0x0000000100000000)
  eden space 233472K, 100% used [0x00000000e0000000,0x00000000ee400000,0x00000000ee400000)
  from space 36352K, 43% used [0x00000000ee400000,0x00000000ef3575e8,0x00000000f0780000)
  to   space 34304K, 0% used [0x00000000f4400000,0x00000000f4400000,0x00000000f6580000)
 ParOldGen       total 155648K, used 96269K [0x00000000a0000000, 0x00000000a9800000, 0x00000000e0000000)
  object space 155648K, 61% used [0x00000000a0000000,0x00000000a5e03508,0x00000000a9800000)
 Metaspace       used 90089K, capacity 95390K, committed 95704K, reserved 1132544K
  class space    used 11651K, capacity 12725K, committed 12800K, reserved 1048576K
Event: 541.421 GC heap after
Heap after GC invocations=25 (full 3):
 PSYoungGen      total 319488K, used 4344K [0x00000000e0000000, 0x00000000f5f80000, 0x0000000100000000)
  eden space 291328K, 0% used [0x00000000e0000000,0x00000000e0000000,0x00000000f1c80000)
  from space 28160K, 15% used [0x00000000f4400000,0x00000000f483e018,0x00000000f5f80000)
  to   space 34304K, 0% used [0x00000000f1c80000,0x00000000f1c80000,0x00000000f3e00000)
 ParOldGen       total 155648K, used 96713K [0x00000000a0000000, 0x00000000a9800000, 0x00000000e0000000)
  object space 155648K, 62% used [0x00000000a0000000,0x00000000a5e72518,0x00000000a9800000)
 Metaspace       used 90089K, capacity 95390K, committed 95704K, reserved 1132544K
  class space    used 11651K, capacity 12725K, committed 12800K, reserved 1048576K
}
Event: 1331.437 GC heap before
{Heap before GC invocations=26 (full 3):
 PSYoungGen      total 319488K, used 119520K [0x00000000e0000000, 0x00000000f5f80000, 0x0000000100000000)
  eden space 291328K, 39% used [0x00000000e0000000,0x00000000e707a048,0x00000000f1c80000)
  from space 28160K, 15% used [0x00000000f4400000,0x00000000f483e018,0x00000000f5f80000)
  to   space 34304K, 0% used [0x00000000f1c80000,0x00000000f1c80000,0x00000000f3e00000)
 ParOldGen       total 155648K, used 96713K [0x00000000a0000000, 0x00000000a9800000, 0x00000000e0000000)
  object space 155648K, 62% used [0x00000000a0000000,0x00000000a5e72518,0x00000000a9800000)
 Metaspace       used 92744K, capacity 98273K, committed 98380K, reserved 1134592K
  class space    used 11934K, capacity 13056K, committed 13056K, reserved 1048576K
Event: 1331.444 GC heap after
Heap after GC invocations=26 (full 3):
 PSYoungGen      total 325632K, used 4623K [0x00000000e0000000, 0x00000000f9d80000, 0x0000000100000000)
  eden space 291328K, 0% used [0x00000000e0000000,0x00000000e0000000,0x00000000f1c80000)
  from space 34304K, 13% used [0x00000000f1c80000,0x00000000f2103eb0,0x00000000f3e00000)
  to   space 34304K, 0% used [0x00000000f7c00000,0x00000000f7c00000,0x00000000f9d80000)
 ParOldGen       total 155648K, used 97138K [0x00000000a0000000, 0x00000000a9800000, 0x00000000e0000000)
  object space 155648K, 62% used [0x00000000a0000000,0x00000000a5edc928,0x00000000a9800000)
 Metaspace       used 92744K, capacity 98273K, committed 98380K, reserved 1134592K
  class space    used 11934K, capacity 13056K, committed 13056K, reserved 1048576K
}
Event: 1331.444 GC heap before
{Heap before GC invocations=27 (full 4):
 PSYoungGen      total 325632K, used 4623K [0x00000000e0000000, 0x00000000f9d80000, 0x0000000100000000)
  eden space 291328K, 0% used [0x00000000e0000000,0x00000000e0000000,0x00000000f1c80000)
  from space 34304K, 13% used [0x00000000f1c80000,0x00000000f2103eb0,0x00000000f3e00000)
  to   space 34304K, 0% used [0x00000000f7c00000,0x00000000f7c00000,0x00000000f9d80000)
 ParOldGen       total 155648K, used 97138K [0x00000000a0000000, 0x00000000a9800000, 0x00000000e0000000)
  object space 155648K, 62% used [0x00000000a0000000,0x00000000a5edc928,0x00000000a9800000)
 Metaspace       used 92744K, capacity 98273K, committed 98380K, reserved 1134592K
  class space    used 11934K, capacity 13056K, committed 13056K, reserved 1048576K
Event: 1331.660 GC heap after
Heap after GC invocations=27 (full 4):
 PSYoungGen      total 325632K, used 0K [0x00000000e0000000, 0x00000000f9d80000, 0x0000000100000000)
  eden space 291328K, 0% used [0x00000000e0000000,0x00000000e0000000,0x00000000f1c80000)
  from space 34304K, 0% used [0x00000000f1c80000,0x00000000f1c80000,0x00000000f3e00000)
  to   space 34304K, 0% used [0x00000000f7c00000,0x00000000f7c00000,0x00000000f9d80000)
 ParOldGen       total 212992K, used 62609K [0x00000000a0000000, 0x00000000ad000000, 0x00000000e0000000)
  object space 212992K, 29% used [0x00000000a0000000,0x00000000a3d24788,0x00000000ad000000)
 Metaspace       used 91961K, capacity 96379K, committed 98380K, reserved 1134592K
  class space    used 11663K, capacity 12591K, committed 13056K, reserved 1048576K
}

