# JRE version: OpenJDK Runtime Environment (8.0_152-b02) (build 1.8.0_152-release-1024-b02)
# Java VM: OpenJDK 64-Bit Server VM (25.152-b02 mixed mode windows-amd64 compressed oops)
Heap:
 PSYoungGen      total 95232K, used 27702K [0x00000000e0000000, 0x00000000e6980000, 0x0000000100000000)
  eden space 86528K, 24% used [0x00000000e0000000,0x00000000e1492770,0x00000000e5480000)
  from space 8704K, 76% used [0x00000000e6100000,0x00000000e677b120,0x00000000e6980000)
  to   space 10752K, 0% used [0x00000000e5480000,0x00000000e5480000,0x00000000e5f00000)
 ParOldGen       total 63488K, used 14773K [0x00000000a0000000, 0x00000000a3e00000, 0x00000000e0000000)
  object space 63488K, 23% used [0x00000000a0000000,0x00000000a0e6d680,0x00000000a3e00000)
 Metaspace       used 39967K, capacity 40792K, committed 41088K, reserved 1085440K
  class space    used 5434K, capacity 5700K, committed 5760K, reserved 1048576K
GC Heap History (10 events):
Event: 4.739 GC heap before
{Heap before GC invocations=8 (full 1):
 PSYoungGen      total 52736K, used 52710K [0x00000000e0000000, 0x00000000e4f00000, 0x0000000100000000)
  eden space 48640K, 100% used [0x00000000e0000000,0x00000000e2f80000,0x00000000e2f80000)
  from space 4096K, 99% used [0x00000000e4b00000,0x00000000e4ef9878,0x00000000e4f00000)
  to   space 10240K, 0% used [0x00000000e3b00000,0x00000000e3b00000,0x00000000e4500000)
 ParOldGen       total 63488K, used 7946K [0x00000000a0000000, 0x00000000a3e00000, 0x00000000e0000000)
  object space 63488K, 12% used [0x00000000a0000000,0x00000000a07c2b58,0x00000000a3e00000)
 Metaspace       used 27567K, capacity 28080K, committed 28160K, reserved 1073152K
  class space    used 3850K, capacity 4025K, committed 4096K, reserved 1048576K
Event: 4.746 GC heap after
Heap after GC invocations=8 (full 1):
 PSYoungGen      total 70656K, used 6248K [0x00000000e0000000, 0x00000000e5700000, 0x0000000100000000)
  eden space 60416K, 0% used [0x00000000e0000000,0x00000000e0000000,0x00000000e3b00000)
  from space 10240K, 61% used [0x00000000e3b00000,0x00000000e411a048,0x00000000e4500000)
  to   space 9728K, 0% used [0x00000000e4d80000,0x00000000e4d80000,0x00000000e5700000)
 ParOldGen       total 63488K, used 7954K [0x00000000a0000000, 0x00000000a3e00000, 0x00000000e0000000)
  object space 63488K, 12% used [0x00000000a0000000,0x00000000a07c4b58,0x00000000a3e00000)
 Metaspace       used 27567K, capacity 28080K, committed 28160K, reserved 1073152K
  class space    used 3850K, capacity 4025K, committed 4096K, reserved 1048576K
}
Event: 6.813 GC heap before
{Heap before GC invocations=9 (full 1):
 PSYoungGen      total 70656K, used 66664K [0x00000000e0000000, 0x00000000e5700000, 0x0000000100000000)
  eden space 60416K, 100% used [0x00000000e0000000,0x00000000e3b00000,0x00000000e3b00000)
  from space 10240K, 61% used [0x00000000e3b00000,0x00000000e411a048,0x00000000e4500000)
  to   space 9728K, 0% used [0x00000000e4d80000,0x00000000e4d80000,0x00000000e5700000)
 ParOldGen       total 63488K, used 7954K [0x00000000a0000000, 0x00000000a3e00000, 0x00000000e0000000)
  object space 63488K, 12% used [0x00000000a0000000,0x00000000a07c4b58,0x00000000a3e00000)
 Metaspace       used 33142K, capacity 33878K, committed 34048K, reserved 1079296K
  class space    used 4615K, capacity 4833K, committed 4864K, reserved 1048576K
Event: 6.821 GC heap after
Heap after GC invocations=9 (full 1):
 PSYoungGen      total 77824K, used 9723K [0x00000000e0000000, 0x00000000e6800000, 0x0000000100000000)
  eden space 68096K, 0% used [0x00000000e0000000,0x00000000e0000000,0x00000000e4280000)
  from space 9728K, 99% used [0x00000000e4d80000,0x00000000e56fef60,0x00000000e5700000)
  to   space 11264K, 0% used [0x00000000e4280000,0x00000000e4280000,0x00000000e4d80000)
 ParOldGen       total 63488K, used 8787K [0x00000000a0000000, 0x00000000a3e00000, 0x00000000e0000000)
  object space 63488K, 13% used [0x00000000a0000000,0x00000000a0894db0,0x00000000a3e00000)
 Metaspace       used 33142K, capacity 33878K, committed 34048K, reserved 1079296K
  class space    used 4615K, capacity 4833K, committed 4864K, reserved 1048576K
}
Event: 7.125 GC heap before
{Heap before GC invocations=10 (full 1):
 PSYoungGen      total 77824K, used 19523K [0x00000000e0000000, 0x00000000e6800000, 0x0000000100000000)
  eden space 68096K, 14% used [0x00000000e0000000,0x00000000e0991f98,0x00000000e4280000)
  from space 9728K, 99% used [0x00000000e4d80000,0x00000000e56fef60,0x00000000e5700000)
  to   space 11264K, 0% used [0x00000000e4280000,0x00000000e4280000,0x00000000e4d80000)
 ParOldGen       total 63488K, used 8787K [0x00000000a0000000, 0x00000000a3e00000, 0x00000000e0000000)
  object space 63488K, 13% used [0x00000000a0000000,0x00000000a0894db0,0x00000000a3e00000)
 Metaspace       used 34664K, capacity 35324K, committed 35416K, reserved 1079296K
  class space    used 4779K, capacity 4976K, committed 4992K, reserved 1048576K
Event: 7.134 GC heap after
Heap after GC invocations=10 (full 1):
 PSYoungGen      total 79360K, used 8281K [0x00000000e0000000, 0x00000000e6c00000, 0x0000000100000000)
  eden space 68096K, 0% used [0x00000000e0000000,0x00000000e0000000,0x00000000e4280000)
  from space 11264K, 73% used [0x00000000e4280000,0x00000000e4a965f8,0x00000000e4d80000)
  to   space 11264K, 0% used [0x00000000e6100000,0x00000000e6100000,0x00000000e6c00000)
 ParOldGen       total 63488K, used 8795K [0x00000000a0000000, 0x00000000a3e00000, 0x00000000e0000000)
  object space 63488K, 13% used [0x00000000a0000000,0x00000000a0896db0,0x00000000a3e00000)
 Metaspace       used 34664K, capacity 35324K, committed 35416K, reserved 1079296K
  class space    used 4779K, capacity 4976K, committed 4992K, reserved 1048576K
}
Event: 7.134 GC heap before
{Heap before GC invocations=11 (full 2):
 PSYoungGen      total 79360K, used 8281K [0x00000000e0000000, 0x00000000e6c00000, 0x0000000100000000)
  eden space 68096K, 0% used [0x00000000e0000000,0x00000000e0000000,0x00000000e4280000)
  from space 11264K, 73% used [0x00000000e4280000,0x00000000e4a965f8,0x00000000e4d80000)
  to   space 11264K, 0% used [0x00000000e6100000,0x00000000e6100000,0x00000000e6c00000)
 ParOldGen       total 63488K, used 8795K [0x00000000a0000000, 0x00000000a3e00000, 0x00000000e0000000)
  object space 63488K, 13% used [0x00000000a0000000,0x00000000a0896db0,0x00000000a3e00000)
 Metaspace       used 34664K, capacity 35324K, committed 35416K, reserved 1079296K
  class space    used 4779K, capacity 4976K, committed 4992K, reserved 1048576K
Event: 7.193 GC heap after
Heap after GC invocations=11 (full 2):
 PSYoungGen      total 79360K, used 0K [0x00000000e0000000, 0x00000000e6c00000, 0x0000000100000000)
  eden space 68096K, 0% used [0x00000000e0000000,0x00000000e0000000,0x00000000e4280000)
  from space 11264K, 0% used [0x00000000e4280000,0x00000000e4280000,0x00000000e4d80000)
  to   space 11264K, 0% used [0x00000000e6100000,0x00000000e6100000,0x00000000e6c00000)
 ParOldGen       total 63488K, used 14765K [0x00000000a0000000, 0x00000000a3e00000, 0x00000000e0000000)
  object space 63488K, 23% used [0x00000000a0000000,0x00000000a0e6b680,0x00000000a3e00000)
 Metaspace       used 34664K, capacity 35324K, committed 35416K, reserved 1079296K
  class space    used 4779K, capacity 4976K, committed 4992K, reserved 1048576K
}
Event: 7.932 GC heap before
{Heap before GC invocations=12 (full 2):
 PSYoungGen      total 79360K, used 68096K [0x00000000e0000000, 0x00000000e6c00000, 0x0000000100000000)
  eden space 68096K, 100% used [0x00000000e0000000,0x00000000e4280000,0x00000000e4280000)
  from space 11264K, 0% used [0x00000000e4280000,0x00000000e4280000,0x00000000e4d80000)
  to   space 11264K, 0% used [0x00000000e6100000,0x00000000e6100000,0x00000000e6c00000)
 ParOldGen       total 63488K, used 14765K [0x00000000a0000000, 0x00000000a3e00000, 0x00000000e0000000)
  object space 63488K, 23% used [0x00000000a0000000,0x00000000a0e6b680,0x00000000a3e00000)
 Metaspace       used 38179K, capacity 38896K, committed 39040K, reserved 1083392K
  class space    used 5207K, capacity 5438K, committed 5504K, reserved 1048576K
Event: 7.938 GC heap after
Heap after GC invocations=12 (full 2):
 PSYoungGen      total 95232K, used 6636K [0x00000000e0000000, 0x00000000e6980000, 0x0000000100000000)
  eden space 86528K, 0% used [0x00000000e0000000,0x00000000e0000000,0x00000000e5480000)
  from space 8704K, 76% used [0x00000000e6100000,0x00000000e677b120,0x00000000e6980000)
  to   space 10752K, 0% used [0x00000000e5480000,0x00000000e5480000,0x00000000e5f00000)
 ParOldGen       total 63488K, used 14773K [0x00000000a0000000, 0x00000000a3e00000, 0x00000000e0000000)
  object space 63488K, 23% used [0x00000000a0000000,0x00000000a0e6d680,0x00000000a3e00000)
 Metaspace       used 38179K, capacity 38896K, committed 39040K, reserved 1083392K
  class space    used 5207K, capacity 5438K, committed 5504K, reserved 1048576K
}

